<?xml version="1.0" encoding="UTF-8"?>
<!-- Generated by org.testng.reporters.JUnitReportReporter -->
<testsuite hostname="LAPTOP-MEGAJEV2" failures="0" tests="2" name="Runner.careSupremeRunner" time="6.693" errors="0" timestamp="2024-05-26T23:55:57 IST" skipped="0">
  <testcase classname="Runner.careSupremeRunner" name="runScenario" time="3.155"/>
  <testcase classname="Runner.careSupremeRunner" name="runScenario" time="3.538"/>
</testsuite> <!-- Runner.careSupremeRunner -->
